<?xml version="1.0" encoding="UTF-8"?>
<testsuite xmlns:xsi="http://www.w3.org/2001/XMLSchema-instance" xsi:noNamespaceSchemaLocation="https://maven.apache.org/surefire/maven-surefire-plugin/xsd/surefire-test-report.xsd" name="facade.HelloTest" time="0.013" tests="5" errors="0" skipped="0" failures="0">
  <properties>
[...]
</properties>
  <testcase name="testAllCaps" classname="facade.HelloTest" time="0.001"/>
  <testcase name="testHello" classname="facade.HelloTest" time="0.002"/>
  <testcase name="testTwoNamesInput" classname="facade.HelloTest" time="0.005"/>
  <testcase name="testUndefinedNumberOfNames" classname="facade.HelloTest" time="0.001"/>
  <testcase name="testHelloNull" classname="facade.HelloTest" time="0.001"/>
</testsuite>